Flight to Bermuda delayed by 2 hours. No immediate action required based on current itinerary data.
[]

Flight to Bermuda delayed by 2 hours. Check monitors for updates and adjust plans accordingly.
['Check monitors for updated flight information', 'Adjust plans according to the new departure time']

Flight to Bermuda delayed by 2 hours. Check monitors.
['Recheck itinerary and adjust plans.', 'Monitor updates for further changes.']

Flight to Bermuda has been delayed by 2 hours. User is advised to adjust travel plans accordingly and stay informed about the flight status.
['Acknowledge the flight delay', 'Adjust travel plans to accommodate the delayed departure', 'Stay informed by checking airport monitors or contacting the airline for updates on the flight status']

Flight to Bermuda delayed by 2 hours
['Check airport monitors for updates on the new departure time', 'Inform relevant parties about the delay in arrival time in Bermuda', 'Adjust planned activities in Bermuda to fit the updated schedule']

Flight to Bermuda delayed by 2 hours. Recommended to check for updates regarding the new flight time.
['Check monitors for updates', 'Reach out to the airline or airport authorities for clarification']

The flight to Bermuda has been delayed by 2 hours. Check for updates and adjust your schedule accordingly.
['Check the monitors or contact the airline for updates on the new departure time.', 'Arrive at the airport in accordance with the adjusted schedule.', 'Consider the 2-hour delay while handling any necessary actions.']

The flight to Bermuda has been delayed by 2 hours. User needs to adjust their schedule for the revised departure time on March 29th.
["Check the monitors or airline's updates for the new departure time.", 'Adjust other appointments on March 29th to accommodate the flight delay.', 'Arrive at the airport according to the new schedule.']

Flight to Bermuda delayed by 2 hours. Action Required: Check updated flight departure time, update transportation arrangements, adjust hotel reservation.
['Check updated departure time for flight to Bermuda with ABC Airlines', 'Update transportation arrangements from BDA Airport to Hotel XYZ in Bermuda', 'Adjust hotel reservation details for Hotel XYZ in Bermuda']

Flight to Bermuda has been delayed by 2 hours. User needs to adjust plans and check monitors for updates.
['Stay at the mall or find a comfortable place to wait for the new departure time.', 'Keep an eye on the monitors for updates.', 'Listen for any announcements regarding the delayed flight.', 'Use the waiting time to have a meal or do some shopping.', 'Be prepared to depart for the airport according to the updated schedule.']

Flight to Bermuda delayed by 2 hours. Check monitors for updates.
['Check monitors for updates on the new departure time of the flight to Bermuda.']

Flight to Bermuda delayed by 2 hours. Check for updates on the monitors.
['Check flight monitor for updates on the new departure time of your flight to Bermuda.']

Due to the flight delay to Bermuda, the user needs to check the monitors for further updates on the flight and potentially adjust travel plans. Notify colleagues or contacts associated with the scheduled events about the possible delay.
['Check monitors for updates on the flight to Bermuda', 'Adjust travel plans accordingly', 'Inform colleagues or contacts about the potential delay to coordinate smoothly']

flight to Bermuda delayed by 2 hours
['Update your itinerary and reschedule conflicting appointments/tasks.', 'Arrive at the airport according to the new departure time to avoid missing the flight.']

Flight to Bermuda has been delayed by 2 hours. Check monitors for updates.
['Check monitors at the airport for further updates on the delayed flight to Bermuda.']

Flight to Bermuda delayed by 2 hours. Recommending actions related to transit and hotel arrangements.
['Update transit arrangements with new arrival time', 'Contact Hotel XYZ to inform them of the delay', 'Monitor flight updates on monitors for further changes']

Flight to Bermuda has been delayed by 2 hours. You need to notify the user about this delay.
['Notify user about the flight delay to Bermuda.']

Flight to Bermuda delayed by 2 hours
['Adjust arrival time to the airport', 'Stay informed by checking monitors for updates', 'Reschedule plans if needed', 'Contact ABC Airlines for assistance if necessary']

Flight to Bermuda delayed by 2 hours
['Check your itinerary data to reschedule any connecting flights or activities.']

You have a flight scheduled for a trip to Bermuda on 2024-03-29 from 1:00 PM to 2:00 PM. The flight has been delayed by 2 hours. Stay updated with the status of the flight and adjust your travel plans accordingly.
['Check the monitors for flight updates', 'Contact the airline for further information']

User prepared for the delayed flight to Bermuda and has successfully completed the necessary actions. Suggestions congratulations and safe travels.
[]

Flight to Bermuda delayed by 2h. User needs to adjust plans for the trip on March 29th.
['Monitor flight updates', 'Adjust plans for arrival in Bermuda', 'Check itinerary for affected events']

You do not need to take immediate action in response to the flight delay to Bermuda. Check the monitors for updates. Enjoy your time at the mall!
[]

The flight to Bermuda has been delayed by 2 hours. Check itinerary data to determine if any action is required.
['Check itinerary data to find the flight details and adjust your schedule if necessary.']

The flight to Bermuda has been delayed by 2 hours.
['Check your itinerary data for any updates or changes related to your trip to Bermuda and adjust your schedule if needed.']

Flight to Bermuda delayed by 2 hours. Adjust itinerary for the new schedule.
['Check monitors for updates on new departure time', 'Update travel preparations to align with the revised schedule', 'Inform concerned parties about the delay affecting travel plans']

The flight to Bermuda has been delayed by 2 hours. Check the monitors at the airport for updates on your flight status.
['Check the monitors at the airport for updates on your flight status.']

User informed no further actions were necessary due to the flight delay. Offered assistance if needed for anything else.
[]

The flight to Bermuda has been delayed by 2 hours. User has a flight scheduled to Bermuda on 2024-03-29 and needs to adjust plans accordingly due to the delay.
['Check the monitors at the airport for updated flight information.', 'Consider possible ripple effects on arrival time and scheduled activities in Bermuda.', 'Reschedule activities or arrangements in Bermuda based on the revised flight timings.']

Flight to Bermuda delayed by 2 hours
['Check flight monitors for further updates', 'Plan for a 2-hour delay in your travel schedule']

Flight to Bermuda delayed by 2 hours
['Check the monitors for updates on the new flight schedule.']

The flight to Bermuda has been delayed by 2 hours. Check itinerary for flight details and adjust accordingly.
['Delayed flight requires updating itinerary and also checking for any subsequent travel arrangements.']

Flight to Bermuda delayed by 2 hours. Advised to check monitors, replan leisure time, and stay informed about flight status.
['Check monitors for flight updates', 'Replan leisure time', 'Stay informed about flight status']

ACTION REQUIRED
['Prepare for the trip to Bermuda by ensuring all necessary documents and items are packed. Arrive at San Diego International Airport on time for your flight with ABC Airlines (flight number: ABC123) departing to BDA at 18:00. After arrival in Bermuda, take a taxi from BDA Airport to Hotel XYZ located at 123 Main Street. Confirm your booking with Hotel XYZ for a smooth check-in process.']

Flight to Bermuda delayed by 2 hours.
['Monitor the flight updates on the airport monitors for further notifications.']

Flight delay for New York flight
[]

Flight delay to New York
["Check if the user's itinerary needs to be updated due to the flight delay."]

Flight delay to New York. Check for flight updates and plan accordingly.
['Check flight details for updates', 'Contact the airline for the latest flight status']

No announcement for a specific action.
['ACTION REQUIRED', 'Check your itinerary for your next event, which is the trip to Bermuda scheduled for 2024-02-19 at 1:00 PM. Make sure you are prepared for your flight departure from San Diego International Airport to BDA, Bermuda.']

The flight to Bermuda is delayed by 2 hours. The user's itinerary shows a trip to Bermuda scheduled for 1:00 PM - 2:00 PM on the same day as the announced delay. Possible actions to consider:
['Check if any arrangements at Bermuda need to be rescheduled.']

Flight delay 2 hours to Bermuda
['ACTION REQUIRED - Inform the hotel in Bermuda about the flight delay and request a possible extension or adjustment to your reservation']

Flight delay 2 hours to Bermuda
['ACTION REQUIRED - Inform the hotel in Bermuda about the flight delay and request a possible extension or adjustment to your reservation']

Flight delay to Bermuda
['Inform Hotel XYZ', 'Check Transit Pickup', 'Update Calendar']

Flight delayed by 2 hours to Bermuda.
['Adjust connecting schedules or activities in Bermuda.', 'Notify Hotel XYZ about potential arrival time changes.', 'Reschedule activities planned for the day of arrival in Bermuda.']

